timestamp|location|temperature|observatory
2017-10-20T09:11|-62.41;68.2|257.83|FR
2017-10-20T09:11|-57.49;43.16|264.65|BE
2017-10-20T09:11|55.22;84.97|27.72|AU
2017-10-20T09:11|-71.94;23.72|281.47|BE
2017-10-20T09:11|-71;27.75|46.72|AU
2017-10-20T09:11|-144.86;27.32|270.11|NZ
2017-10-20T09:11|146.93;72.52|41.13|US
2017-10-20T09:11|52.53;1.28|307.58|CA
2017-10-20T09:11|-151.86;86.32|283.28|NZ
2017-10-20T09:11|-66.55;35.18|299.56|BE
2017-10-20T09:11|67.01;50.35|301.06|CA
2017-10-20T09:11|-114.78;2.14|262.43|BE
2017-10-20T09:11|-61.76;86.05|-18.77|AU
2017-10-20T09:11|-4.33;21.34|290.79|CA
2017-10-20T09:11|-22.08;46.64|270.38|NZ
2017-10-20T09:11|69.33;72.46|282.47|BE
2017-10-20T09:11|83.55;12.75|31.72|AU
2017-10-20T09:11|80.93;70.39|17.58|US
2017-10-20T09:11|-6.23;44.35|31.29|AU
2017-10-20T09:11|135.77;28.25|-14.8|AU
2017-10-20T09:11|149.59;6.39|251.4|BE
2017-10-20T09:11|40.72;54.11|6.01|AU
2017-10-20T09:11|-175.71;75.91|305.24|CA
2017-10-20T09:11|164.49;72.03|309.94|CA
2017-10-20T09:11|138.11;7.62|286.19|BE
2017-10-20T09:11|61.43;80.93|-3.49|US
2017-10-20T09:11|109.56;79.56|280.87|CA
2017-10-20T09:11|129.61;62.48|316.81|BE
2017-10-20T09:11|-6.29;20.01|254.49|NZ
2017-10-20T09:11|41.16;3.97|-10.58|AU
2017-10-20T09:11|-150.29;63.78|49.77|US
2017-10-20T09:11|170.46;7.69|315.35|BE
2017-10-20T09:11|16.61;50.18|108.42|US
2017-10-20T09:11|-159.81;12.78|309.69|FR
2017-10-20T09:11|-122.64;35.37|7.95|US
2017-10-20T09:11|59.76;89.37|322.73|FR
2017-10-20T09:11|-15.39;53.93|297.65|NZ
2017-10-20T09:11|106.4;26.2|114.26|US
2017-10-20T09:11|153.58;65.63|3.84|AU
2017-10-20T09:11|-50.76;22.92|306.12|BE
2017-10-20T09:11|-123.59;24.75|25.3|AU
2017-10-20T09:11|80.13;69.34|312.04|CA
2017-10-20T09:11|-105.68;4.21|22.58|US
2017-10-20T09:11|-146.87;60.51|299.77|NZ
2017-10-20T09:11|111.89;31.35|255.44|FR
2017-10-20T09:11|119.79;69.03|11.63|AU
2017-10-20T09:11|-76.84;15.93|49.26|US
2017-10-20T09:11|-134.17;34.28|38.35|AU
2017-10-20T09:11|-91.08;50.66|266.42|BE
2017-10-20T09:11|-7.3;26.82|277.14|FR
2017-10-20T09:11|-102.9;5.48|106.36|US
2017-10-20T09:11|133.3;85.17|281.33|NZ
2017-10-20T09:11|45.61;72.45|95.37|US
2017-10-20T09:11|169.64;81.5|280.36|NZ
2017-10-20T09:11|61.01;55.92|312.27|NZ
2017-10-20T09:11|64.9;67.19|18.85|AU
2017-10-20T09:11|44.44;49.75|-0.16|AU
2017-10-20T09:11|-17.86;49.75|2.96|US
2017-10-20T09:11|-78.58;70.32|289.27|NZ
2017-10-20T09:11|-147.82;86.32|275.15|FR
2017-10-20T09:11|-0.88;73.84|63.64|US
2017-10-20T09:11|78.72;38.36|252.54|BE
2017-10-20T09:11|5.06;2.59|301.49|BE
2017-10-20T09:11|0.83;81.05|309.33|FR
2017-10-20T09:11|129.97;74.71|109.99|US
2017-10-20T09:11|-133.71;37.97|2.6|AU
2017-10-20T09:11|119.95;74.41|292.58|BE
2017-10-20T09:11|137.46;22.88|268.95|FR
2017-10-20T09:11|158.32;68.65|280.74|FR
2017-10-20T09:11|-126.2;45.75|312.49|FR
2017-10-20T09:11|100.22;79.17|282.5|BE
2017-10-20T09:11|-18.3;29.88|293.18|NZ
2017-10-20T09:11|-44.61;38.86|285.53|CA
2017-10-20T09:11|66.89;47.27|258.83|BE
2017-10-20T09:11|1.62;81.37|300.64|NZ
2017-10-20T09:11|-89.26;9.46|299|FR
2017-10-20T09:11|114.91;10.36|273.64|NZ
2017-10-20T09:11|-36.37;80.31|284.66|NZ
2017-10-20T09:11|-69.09;47.93|271.44|CA
2017-10-20T09:11|-118.11;59.84|262.54|NZ
2017-10-20T09:11|157.47;65.54|319.75|FR
2017-10-20T09:11|96.7;71.81|58.69|US
2017-10-20T09:11|-65.12;30.17|115.24|US
2017-10-20T09:11|-31.61;79.62|255.03|NZ
2017-10-20T09:11|-0.74;62.92|319.97|CA
2017-10-20T09:11|-12.32;21.13|298.37|BE
2017-10-20T09:11|37.17;10.64|-8.2|AU
2017-10-20T09:11|-9.18;84.52|35.75|US
2017-10-20T09:11|-2.67;87.2|269.29|BE
2017-10-20T09:11|83.91;66.06|276.27|CA
2017-10-20T09:11|-156.23;12.36|313.13|CA
2017-10-20T09:11|-24.12;22.83|275.22|BE
2017-10-20T09:11|126.96;74.94|30.6|US
2017-10-20T09:11|-66.52;79.6|287.66|FR
2017-10-20T09:11|143.98;37.17|265.83|FR
2017-10-20T09:11|112.59;44.56|265.83|CA
2017-10-20T09:11|-84.05;62.02|284.93|FR
2017-10-20T09:11|-98.69;65.14|263.53|CA
2017-10-20T09:11|-160.25;23.04|-14.67|AU
2017-10-20T09:11|-111.85;3.87|254.98|NZ
2017-10-20T09:11|50.24;59.41|258.59|CA
2017-10-20T09:11|97.9;54.31|303.52|FR
2017-10-20T09:11|-25.5;18.03|112.39|US
2017-10-20T09:11|-87.39;45.31|70.11|US
2017-10-20T09:11|73.95;57.76|301.95|NZ
2017-10-20T09:11|154.91;63.99|1.62|AU
2017-10-20T09:11|-80.81;60.47|281.6|FR
2017-10-20T09:11|3.04;19.39|112.82|US
2017-10-20T09:11|-20.59;14.87|253.21|BE
2017-10-20T09:11|61.97;60.65|264.7|NZ
2017-10-20T09:11|-146.55;28.02|-2.16|AU
2017-10-20T09:11|-78.31;51.18|258.7|BE
2017-10-20T09:11|-28.37;1.16|276.29|FR
2017-10-20T09:11|102.61;33.93|268.97|BE
2017-10-20T09:11|-121.81;20.54|-15.07|AU
2017-10-20T09:11|-51.78;74.75|279.25|BE
2017-10-20T09:11|-48.65;2.1|319.2|BE
2017-10-20T09:11|98.18;69.16|22.76|US
2017-10-20T09:11|74.33;15.56|277.27|BE
2017-10-20T09:11|-126.22;30.48|302.41|NZ
2017-10-20T09:11|-169.82;71.4|279.4|NZ
2017-10-20T09:11|-83.28;7.8|318.62|FR
2017-10-20T09:11|144.92;11.59|305.61|CA
2017-10-20T09:11|12.49;58.48|319.46|NZ
2017-10-20T09:11|-18.35;61.44|283.37|NZ
2017-10-20T09:11|72.52;72.08|47.57|US
2017-10-20T09:11|-46.18;64.3|116.54|US
2017-10-20T09:11|176.47;72.76|301.72|BE
2017-10-20T09:11|70.76;80.17|301.81|CA
2017-10-20T09:11|143.88;83.85|282.41|NZ
2017-10-20T09:11|40.55;55.29|42.82|AU
2017-10-20T09:11|146.35;30.53|100.15|US
2017-10-20T09:11|-151.88;23.82|254.19|BE
2017-10-20T09:11|-97.45;62.79|295.42|BE
2017-10-20T09:11|-150.73;0.72|255.77|BE
2017-10-20T09:11|-103.76;58.59|310.96|CA
2017-10-20T09:11|-72.2;34.27|265.05|CA
2017-10-20T09:11|49.94;17.78|305.74|FR
2017-10-20T09:11|91.64;9.34|322.7|FR
2017-10-20T09:11|-127.9;67.59|273.64|FR
2017-10-20T09:11|-157.43;83.07|292.94|FR
2017-10-20T09:11|-98.38;1.01|2.26|AU
2017-10-20T09:11|46.73;46.16|255.27|CA
2017-10-20T09:11|-93.17;28.83|-3.91|AU
2017-10-20T09:11|127.14;48.71|280.47|NZ
2017-10-20T09:11|-41.07;22.11|294.77|NZ
2017-10-20T09:11|164.83;5.44|11.18|AU
2017-10-20T09:11|-34.07;71.98|64.68|US
2017-10-20T09:11|-94.09;26.92|5.94|AU
2017-10-20T09:11|31.75;43.72|288.55|BE
2017-10-20T09:11|66.21;85.01|316.58|CA
2017-10-20T09:11|174.94;69.16|319.84|BE
2017-10-20T09:11|-39.03;45.55|20.9|AU
2017-10-20T09:11|74.92;10.05|269|NZ
2017-10-20T09:11|156.87;2.34|281.69|FR
2017-10-20T09:11|-153.96;81.39|-8.75|AU
2017-10-20T09:11|-86.25;8.88|60.76|US
2017-10-20T09:11|-34.92;5.45|13.33|US
2017-10-20T09:11|-27.71;17.05|262.38|BE
2017-10-20T09:11|-114.49;83.36|279.04|BE
2017-10-20T09:11|138.03;26.93|299.17|BE
2017-10-20T09:11|31.49;81.92|288.48|CA
2017-10-20T09:11|0.39;48.59|40.83|AU
2017-10-20T09:11|131.5;57.24|288.93|FR
2017-10-20T09:11|-43.45;30.03|261.65|BE
2017-10-20T09:11|101;48.87|307.75|FR
2017-10-20T09:11|-82.69;35.5|301.85|FR
2017-10-20T09:11|-89.96;61.54|266.64|NZ
2017-10-20T09:11|-143.85;88.15|321.6|BE
2017-10-20T09:11|37.55;28.43|298.31|CA
2017-10-20T09:11|-108.88;20.58|252.35|BE
2017-10-20T09:11|103.86;37.61|37.84|US
2017-10-20T09:11|65.63;14.76|251.42|CA
2017-10-20T09:11|-67.01;81.29|26.29|AU
2017-10-20T09:11|90.43;59.47|47.05|AU
2017-10-20T09:11|107.55;13.08|267.75|CA
2017-10-20T09:11|30.19;14.32|309.2|FR
2017-10-20T09:11|131.54;4.91|293.54|CA
2017-10-20T09:11|-70.25;78.21|320.32|CA
2017-10-20T09:11|75.46;88.53|272.8|CA
2017-10-20T09:11|-12.72;3.55|0.71|US
2017-10-20T09:11|-86;26.25|267.79|CA
2017-10-20T09:11|-10.66;29.16|285.01|NZ
2017-10-20T09:11|-94.32;19.13|47.5|US
2017-10-20T09:11|23.13;1.67|282.35|NZ
2017-10-20T09:11|74.21;28.48|254.65|NZ
2017-10-20T09:11|2.69;73.32|256.08|CA
2017-10-20T09:11|154.59;34.75|321.29|CA
2017-10-20T09:11|64.56;34.26|-13.04|AU
2017-10-20T09:11|54.65;69.28|2.18|AU
2017-10-20T09:11|-108.99;45.6|265.33|NZ
2017-10-20T09:11|170.85;74.58|43.06|AU
2017-10-20T09:11|45.4;55.91|298.32|FR
2017-10-20T09:11|158.42;13.54|90.08|US
2017-10-20T09:11|-70.41;89.79|85.63|US
2017-10-20T09:11|89.83;88.84|311.4|FR
2017-10-20T09:11|-137.48;26.1|291.43|CA
2017-10-20T09:11|14.62;68.2|296.18|NZ
2017-10-20T09:11|-37.72;31.84|290.26|NZ
2017-10-20T09:11|137.34;29.26|276.15|NZ
2017-10-20T09:11|142.82;21.49|56.26|US
2017-10-20T09:11|-65.3;59.24|20.48|AU
2017-10-20T09:11|-143.51;77.09|306.2|NZ
2017-10-20T09:11|49.14;13|318.76|FR
2017-10-20T09:11|63.89;7.5|259.99|FR
2017-10-20T09:11|-165.39;85.75|263.51|CA
2017-10-20T09:11|-38.76;14.28|18.11|AU
2017-10-20T09:11|91.71;62.79|259.82|FR
2017-10-20T09:11|-106.37;45.66|2.3|US
2017-10-20T09:11|106.65;57.07|274.5|BE
2017-10-20T09:11|-139.37;87.69|9.91|AU
2017-10-20T09:11|111.59;35.9|46.35|AU
2017-10-20T09:11|-38.92;35.07|312.61|CA
2017-10-20T09:11|-65.86;18.62|311.2|BE
2017-10-20T09:11|176.63;89.52|28.64|AU
2017-10-20T09:11|39.55;78.72|252.67|NZ
2017-10-20T09:11|-11.73;5.3|-10.32|AU
2017-10-20T09:11|37.77;88.46|311.94|BE
2017-10-20T09:11|-22.88;16.91|296.72|BE
2017-10-20T09:11|-87.31;16.17|307.32|CA
2017-10-20T09:11|42.01;30.87|301.45|CA
2017-10-20T09:11|119.49;17.15|40.88|US
2017-10-20T09:11|69.19;26.19|2.81|US
2017-10-20T09:11|146.24;24.47|106.18|US
2017-10-20T09:11|-8.76;59.77|66.21|US
2017-10-20T09:11|54.24;3.73|317.33|BE
2017-10-20T09:11|-113.52;33.05|261.43|FR
2017-10-20T09:11|122.47;75.53|292.41|CA
2017-10-20T09:11|144.08;33.84|319.6|NZ
2017-10-20T09:11|-20.83;43.99|44.54|AU
2017-10-20T09:11|154.76;58.93|278.51|CA
2017-10-20T09:11|132.75;42.74|111.65|US
2017-10-20T09:11|-130.73;6.93|275.19|NZ
2017-10-20T09:11|-3.81;57.17|286.82|NZ
2017-10-20T09:11|-145.78;41.79|95.7|US
2017-10-20T09:11|-86.14;23.01|282.68|FR
2017-10-20T09:11|89.24;80.58|308.02|FR
2017-10-20T09:11|47.43;51.99|314.57|NZ
2017-10-20T09:11|27.91;38.99|4.36|US
2017-10-20T09:11|-177.61;81.99|254.61|FR
2017-10-20T09:11|109.02;6.29|-7.96|AU
2017-10-20T09:11|144.09;81.06|108.92|US
2017-10-20T09:11|41.18;42.94|45.7|US
2017-10-20T09:11|92.86;54.1|-3.09|AU
2017-10-20T09:11|-65.56;67.93|101.21|US
2017-10-20T09:11|-21.18;2.12|52.72|US
2017-10-20T09:11|-1.61;11.05|-13.44|AU
2017-10-20T09:11|-8.45;44.25|310.03|CA
2017-10-20T09:11|-31.49;52.91|318.01|NZ
2017-10-20T09:11|123.32;34.4|285.56|FR
2017-10-20T09:11|96.89;18.14|252.08|CA
2017-10-20T09:11|133.24;34.56|23.31|AU
2017-10-20T09:11|123.47;60.46|282.34|NZ
2017-10-20T09:11|126.45;69.12|309.12|NZ
2017-10-20T09:11|-116.52;53.15|319.33|BE
2017-10-20T09:11|-16.12;11.44|291.42|NZ
2017-10-20T09:11|38.75;12.3|270.21|CA
2017-10-20T09:11|177.39;28.59|285.18|CA
2017-10-20T09:11|-154.82;33.16|273.31|NZ
2017-10-20T09:11|-56.88;64.12|284.43|BE
2017-10-20T09:11|-112.95;23.67|299.91|CA
2017-10-20T09:11|17.82;57.19|313.71|CA
2017-10-20T09:11|18.72;57.66|268.8|NZ
2017-10-20T09:11|-27.3;84.65|317.18|FR
2017-10-20T09:11|-135.98;85.03|284.07|FR
2017-10-20T09:11|-25.44;48.2|100.36|US
2017-10-20T09:11|75.22;55.63|319.26|NZ
2017-10-20T09:11|24.43;20.23|303.18|NZ
2017-10-20T09:11|-165.22;52.82|277.2|BE
2017-10-20T09:11|-90.89;12.33|290.91|NZ
2017-10-20T09:11|-53.72;88.34|52.65|US
2017-10-20T09:11|-13.07;20.38|316.45|BE
2017-10-20T09:11|-25.76;28.39|301.22|BE
2017-10-20T09:11|-29.76;19.43|274.05|CA
2017-10-20T09:11|-2.87;51.44|42.39|US
2017-10-20T09:11|114.53;25.32|103.26|US
2017-10-20T09:11|-87.6;62.8|282.2|BE
2017-10-20T09:11|-6.43;71.22|264.14|BE
2017-10-20T09:11|47.77;86.96|259.38|BE
2017-10-20T09:11|5.47;22.74|275.79|CA
2017-10-20T09:11|13.88;11.04|34.98|AU
2017-10-20T09:11|-71.01;39.51|320.3|NZ
2017-10-20T09:11|-68.42;62.69|288.25|FR
2017-10-20T09:11|-0.84;81.94|299.69|CA
2017-10-20T09:11|-107.36;67.38|291.87|FR
2017-10-20T09:11|-78.68;14.8|252.77|NZ
2017-10-20T09:11|-97.19;53.65|108.16|US
2017-10-20T09:11|-21.48;86.63|300.21|BE
2017-10-20T09:11|-156.5;41.64|254.1|CA
2017-10-20T09:11|-17.12;11.51|17.53|US
2017-10-20T09:11|-70.4;43.78|318.54|CA
2017-10-20T09:11|-3.87;50.01|317.69|BE
2017-10-20T09:11|-22.43;54.3|311.76|BE
2017-10-20T09:11|-140.59;77.84|278.05|NZ
2017-10-20T09:11|108.81;50.08|253.57|FR
2017-10-20T09:11|-168.66;49.4|313.57|CA
2017-10-20T09:11|13.35;26.83|116.76|US
2017-10-20T09:11|-178.23;7.9|280.9|CA
2017-10-20T09:11|-60.61;79.51|316.63|FR
2017-10-20T09:11|-6.01;35|283.92|CA
2017-10-20T09:11|-102.58;12.48|256.59|BE
2017-10-20T09:11|-43.71;9.23|109.72|US
2017-10-20T09:11|42.24;31.54|269.99|NZ
2017-10-20T09:11|-1.57;15.79|280.41|FR
2017-10-20T09:11|-10.43;66.41|303.18|BE
2017-10-20T09:11|-30.86;19.15|0.08|US
2017-10-20T09:11|-146.7;24.43|252.28|BE
2017-10-20T09:11|36.32;54.85|285.1|NZ
2017-10-20T09:11|-124.13;32.57|311.8|FR
2017-10-20T09:11|176.12;4.37|274.96|BE
2017-10-20T09:11|-33.61;62.45|288.07|CA
2017-10-20T09:11|138.12;35.94|42.05|AU
2017-10-20T09:11|-42.21;85.32|82.37|US
2017-10-20T09:11|168.72;30.49|292.85|FR
2017-10-20T09:11|82.95;72.86|285.9|NZ
2017-10-20T09:11|32.84;18.91|106.95|US
2017-10-20T09:11|80.59;57.16|18.59|AU
2017-10-20T09:11|-171.65;44.23|251.38|CA
2017-10-20T09:11|-7.66;28.78|12.37|AU
2017-10-20T09:11|-26.84;18.61|295.18|BE
2017-10-20T09:11|-22.1;2.76|321.32|CA
2017-10-20T09:11|27.02;61.5|261.35|FR
2017-10-20T09:11|92.96;51.63|257.49|CA
2017-10-20T09:11|-98.13;40.41|270.43|BE
2017-10-20T09:11|102.79;54.85|307.65|CA
2017-10-20T09:11|-16.52;0.44|277.76|NZ
2017-10-20T09:11|-174.13;69.29|298.99|NZ
2017-10-20T09:11|149.51;54.2|9.44|AU
2017-10-20T09:11|-25.01;75.22|319.25|FR
2017-10-20T09:11|58.77;62.9|82.82|US
2017-10-20T09:11|164.09;55.16|257.23|CA
2017-10-20T09:11|-20.35;13.14|28.73|AU
2017-10-20T09:11|168.58;53.71|264.47|BE
2017-10-20T09:11|3.56;9.83|322.67|FR
2017-10-20T09:11|-139.33;66.64|257.35|NZ
2017-10-20T09:11|81.24;17.97|96.33|US
2017-10-20T09:11|83.5;82.23|49.56|US
2017-10-20T09:11|-155.1;87.99|283.5|BE
2017-10-20T09:11|-63.23;50.05|18.23|US
2017-10-20T09:11|-110.14;84.09|12.95|US
2017-10-20T09:11|-87.92;82.49|21.49|US
2017-10-20T09:11|111.13;85.13|269.87|NZ
2017-10-20T09:11|-19.23;10.72|301.21|NZ
2017-10-20T09:11|-128.25;8.39|320.86|FR
2017-10-20T09:11|-166.2;20.56|-0.94|AU
2017-10-20T09:11|105.29;7.15|259.18|BE
2017-10-20T09:11|78.9;64.02|278.42|BE
2017-10-20T09:11|-163.6;87.8|97.03|US
2017-10-20T09:11|-30.83;41.6|267.19|NZ
2017-10-20T09:11|162.11;86.08|309.39|BE
2017-10-20T09:11|-84.17;57.29|93.95|US
2017-10-20T09:11|-62.68;69.38|274.65|BE
2017-10-20T09:11|18.49;14.44|286.15|FR
2017-10-20T09:11|70.19;50.56|283.25|FR
2017-10-20T09:11|169.34;70.04|259.1|NZ
2017-10-20T09:11|-146.84;25.47|303.46|FR
2017-10-20T09:11|-176.62;76.94|270.03|BE
2017-10-20T09:11|112.67;20.49|19.1|AU
2017-10-20T09:11|100.07;54.37|20.79|US
2017-10-20T09:11|-126.48;38.6|-4.91|US
2017-10-20T09:11|-147.37;82.77|41.01|AU
2017-10-20T09:11|-41.31;66.56|103.21|US
2017-10-20T09:11|64.99;54.93|293.21|CA
2017-10-20T09:11|-167.82;10.83|49.22|AU
2017-10-20T09:11|-14.9;61.97|293.69|NZ
2017-10-20T09:11|115.79;66.52|10.42|AU
2017-10-20T09:11|-113.12;85.63|-1.22|US
2017-10-20T09:11|88.44;58.84|313.32|BE
2017-10-20T09:11|-155.01;52.75|14.7|AU
2017-10-20T09:11|-122.55;88.63|313.06|NZ
2017-10-20T09:11|-84.63;6.81|286.79|CA
2017-10-20T09:11|-137.18;89.28|294.81|NZ
2017-10-20T09:11|142.93;19.69|14.26|US
2017-10-20T09:11|-64.7;40.71|0.86|AU
2017-10-20T09:11|-168.42;20.1|-17.02|AU
2017-10-20T09:11|135.76;1.59|301.63|CA
2017-10-20T09:11|171.23;34.35|20.97|AU
2017-10-20T09:11|148.82;86.47|305.19|FR
2017-10-20T09:11|132.7;33.51|263.4|BE
2017-10-20T09:11|-98.62;72.25|251.78|FR
2017-10-20T09:11|-105.7;47.61|312.76|CA
2017-10-20T09:11|63.85;70.7|301.95|NZ
2017-10-20T09:11|118.51;10.18|310.01|BE
2017-10-20T09:11|-79.2;87.05|276.31|NZ
2017-10-20T09:11|45.22;0.16|270.34|CA
2017-10-20T09:11|-31.34;82.11|266.26|FR
2017-10-20T09:11|-57.05;19.93|272.21|BE
2017-10-20T09:11|93.81;66.29|305.25|FR
2017-10-20T09:11|55.68;13.21|95.38|US
2017-10-20T09:11|-31.32;78.82|271.42|BE
2017-10-20T09:11|136.57;21.48|274.74|NZ
2017-10-20T09:11|-20.67;1.47|26.68|US
2017-10-20T09:11|117.06;86.38|296.47|CA
2017-10-20T09:11|159.1;25.46|290.51|CA
2017-10-20T09:11|-85.25;9.67|260.19|CA
2017-10-20T09:11|111.77;55.01|292.29|CA
2017-10-20T09:11|-139.64;48.81|260.21|BE
2017-10-20T09:11|-50.01;17.13|8.08|AU
2017-10-20T09:11|-34.22;62.73|8.9|AU
2017-10-20T09:11|-134.02;69.75|293.57|CA
2017-10-20T09:11|-133.81;67.76|24.26|AU
2017-10-20T09:11|-157.79;46.94|277.37|CA
2017-10-20T09:11|20.59;9.91|24.52|AU
2017-10-20T09:11|-67.86;10.38|272.05|CA
2017-10-20T09:11|-125.43;30.92|251.5|FR
2017-10-20T09:11|-166.01;65.54|270.39|BE
2017-10-20T09:11|-157.47;28.36|-12.49|AU
2017-10-20T09:11|164.38;25.98|277.05|NZ
2017-10-20T09:11|-77.32;17.26|258.99|FR
2017-10-20T09:11|140.14;34.53|-1.07|AU
2017-10-20T09:11|5.29;44.38|312.78|NZ
2017-10-20T09:11|164.07;46.23|277.05|FR
2017-10-20T09:11|-71.98;74|23.82|AU
2017-10-20T09:11|5.71;49.31|305.26|FR
2017-10-20T09:11|-139.38;20.97|299.58|BE
2017-10-20T09:11|57.32;65.88|296.96|FR
2017-10-20T09:11|166.46;30.72|43.61|US
2017-10-20T09:11|119.83;62.44|22.48|US
2017-10-20T09:11|-84.48;77.85|-18.59|AU
2017-10-20T09:11|35.58;66.56|314.7|FR
2017-10-20T09:11|42;1.23|116.93|US
2017-10-20T09:11|-84.27;80.31|30.4|AU
2017-10-20T09:11|61.38;35.06|253.32|NZ
2017-10-20T09:11|-129.49;78.81|272.98|FR
2017-10-20T09:11|108.52;23.53|107|US
2017-10-20T09:11|-43.14;32.86|258.08|NZ
2017-10-20T09:11|-172.4;44.92|39.11|AU
2017-10-20T09:11|-76.97;39.89|290.92|CA
2017-10-20T09:11|-18.46;68.54|276.32|FR
2017-10-20T09:11|-116.98;73.86|316.05|BE
2017-10-20T09:11|49.35;40.55|109.83|US
2017-10-20T09:11|18.24;42.28|86.66|US
2017-10-20T09:11|-32.82;47.3|11.6|AU
2017-10-20T09:11|-118.78;51.06|290.97|NZ
2017-10-20T09:11|105.8;87.72|253.18|NZ
2017-10-20T09:11|-49.83;69.96|41.92|AU
2017-10-20T09:11|101.34;8.87|111.06|US
2017-10-20T09:11|-102.03;62.29|320.38|CA
2017-10-20T09:11|-40.66;63.07|4.28|AU
2017-10-20T09:11|36.31;12.4|276.53|CA
2017-10-20T09:11|10.43;31.05|267.33|BE
2017-10-20T09:11|137.82;89.34|16.22|AU
2017-10-20T09:11|53.38;51.12|109.28|US
2017-10-20T09:11|-113.02;31.16|265.61|CA
2017-10-20T09:11|-164.83;10.8|284|NZ
2017-10-20T09:11|54.54;3.25|46.68|US
2017-10-20T09:11|73.1;9.9|251.19|FR
2017-10-20T09:11|125.21;64.96|304.42|CA
2017-10-20T09:11|99.18;79.97|120.44|US
2017-10-20T09:11|-55.12;20.56|257.06|CA
2017-10-20T09:11|37.23;11.96|276.93|FR
2017-10-20T09:11|93.31;88.16|306.68|FR
2017-10-20T09:11|28.75;1.87|261.8|CA
2017-10-20T09:11|39.12;82.28|319.38|BE
2017-10-20T09:11|8.84;19.19|298.07|NZ
2017-10-20T09:11|-173.93;8.19|309.24|CA
2017-10-20T09:11|88.92;69.59|13.71|AU
2017-10-20T09:11|-61.82;20.36|17.82|US
2017-10-20T09:11|-161.89;45.16|263.2|NZ
2017-10-20T09:11|94.11;46.43|297.91|FR
2017-10-20T09:11|50.02;23.11|318.65|CA
2017-10-20T09:11|77.29;37.15|322.07|FR
2017-10-20T09:11|-95.66;16.62|259.13|CA
2017-10-20T09:11|-8.75;44.73|72.82|US
2017-10-20T09:11|68.41;23.67|280.69|BE
2017-10-20T09:11|137.32;89.68|71.95|US
2017-10-20T09:11|107.87;8.56|300.9|NZ
2017-10-20T09:11|-161.82;57.24|-3.05|AU
2017-10-20T09:11|6.64;32.13|256.16|NZ
2017-10-20T09:11|94.59;57.05|308.72|CA
2017-10-20T09:11|5.84;34.84|273.53|NZ
2017-10-20T09:11|34.18;0.52|38.96|AU
2017-10-20T09:11|-19.71;9.8|95.62|US
2017-10-20T09:11|14.87;7.57|269.58|FR
2017-10-20T09:11|170.99;88.79|262.54|FR
2017-10-20T09:11|150.31;65.99|313.24|BE
2017-10-20T09:11|39.83;88.92|116.72|US
2017-10-20T09:11|168.23;54.7|13.86|US
2017-10-20T09:11|-127.42;74.65|251.47|BE
2017-10-20T09:11|-163.6;38.19|20.55|US
2017-10-20T09:11|139.68;25.7|257.8|FR
2017-10-20T09:11|117.91;7.41|309.36|FR
2017-10-20T09:11|-125.26;84.5|-5.82|US
2017-10-20T09:11|-9.94;38.48|303.28|BE
2017-10-20T09:11|-80.12;27.56|64.98|US
2017-10-20T09:11|-134.46;8.5|255.91|CA
2017-10-20T09:11|93.89;20.82|290.7|CA
2017-10-20T09:11|-92.42;68.16|30.36|AU
2017-10-20T09:11|-14.07;65.15|29.83|AU
2017-10-20T09:11|97.6;68.62|268.3|BE
2017-10-20T09:11|14.31;34.01|252.06|BE
2017-10-20T09:11|-6.57;77.99|267.75|BE
2017-10-20T09:11|-21.44;11.52|251.2|NZ
2017-10-20T09:11|103.2;45.49|80.54|US
2017-10-20T09:11|122.95;0.74|94.3|US
2017-10-20T09:11|89.17;21.76|261.84|FR
2017-10-20T09:11|143.44;47.5|283.19|FR
2017-10-20T09:11|-86.93;61.34|53.09|US
2017-10-20T09:11|171.94;71.86|305.91|NZ
2017-10-20T09:11|-17.9;48.65|303.14|BE
2017-10-20T09:11|-175.25;69.86|319.41|CA
2017-10-20T09:11|-50.78;46.15|301.13|NZ
2017-10-20T09:11|173.16;13.66|21.77|AU
2017-10-20T09:11|74.12;14.13|304.49|NZ
2017-10-20T09:11|142.32;18.95|29.02|AU
2017-10-20T09:11|-34.72;42.67|263.65|NZ
2017-10-20T09:11|-104.67;3.56|313.69|FR
2017-10-20T09:11|58.1;33.4|253.45|BE
2017-10-20T09:11|48.49;41.97|268.53|FR
2017-10-20T09:11|91.91;69.68|51.47|US
2017-10-20T09:11|-165.6;88.37|91.2|US
2017-10-20T09:11|-163.84;50.36|300.13|CA
2017-10-20T09:11|27.98;35.35|304.6|CA
2017-10-20T09:11|148.75;29.04|314.38|NZ
2017-10-20T09:11|25.5;80.5|92.1|US
2017-10-20T09:11|-115.99;31.84|10.47|US
2017-10-20T09:11|-128.62;56.92|-5.28|AU
2017-10-20T09:11|-76.87;50.75|316.08|NZ
2017-10-20T09:11|-37.51;53.91|20.82|US
2017-10-20T09:11|-80.06;65.67|276.9|BE
2017-10-20T09:11|-79.92;11.03|6.34|AU
2017-10-20T09:11|-114.45;42.54|313.26|NZ
2017-10-20T09:11|132.32;81.34|271.67|CA
2017-10-20T09:11|53.47;59.83|318.59|FR
2017-10-20T09:11|-35.47;65.4|275.61|CA
2017-10-20T09:11|163.25;53|299.53|BE
2017-10-20T09:11|-69.12;81.83|78.66|US
2017-10-20T09:11|-157.19;52.19|48.25|AU
2017-10-20T09:11|140.53;11.59|275.57|NZ
2017-10-20T09:11|146.73;56.48|270.8|CA
2017-10-20T09:11|82.78;65.36|-3.62|AU
2017-10-20T09:11|9.36;47.17|15.5|AU
2017-10-20T09:11|-17.77;35.12|275|FR
2017-10-20T09:11|162.24;4.31|43.18|AU
2017-10-20T09:11|151.44;69.09|33.34|AU
2017-10-20T09:11|20.88;64.19|290.61|BE
2017-10-20T09:11|-51.7;53.58|38.63|US
2017-10-20T09:11|138.63;30.41|97.02|US
2017-10-20T09:11|43.62;89.42|273.14|NZ
2017-10-20T09:11|128.79;32.97|261.63|NZ
2017-10-20T09:11|-139.45;48.73|46.16|AU
2017-10-20T09:11|-0.44;75.09|0.59|AU
2017-10-20T09:11|84.1;70.93|287.08|BE
2017-10-20T09:11|-8.74;37.83|317.61|NZ
2017-10-20T09:11|121.4;70.15|305.38|NZ
2017-10-20T09:11|22.67;53.96|307.28|NZ
2017-10-20T09:11|25.87;26.99|285.05|NZ
2017-10-20T09:11|-81.55;30.07|289.83|FR
2017-10-20T09:11|25.72;64.32|267.81|BE
2017-10-20T09:11|-63.14;13.73|43.36|US
2017-10-20T09:11|-162.16;27.53|252.63|NZ
2017-10-20T09:11|-171.62;51|255.38|BE
2017-10-20T09:11|74.49;59.63|305.25|NZ
2017-10-20T09:11|-40.4;12.76|10.97|AU
2017-10-20T09:11|-10.89;20.63|251.58|FR
2017-10-20T09:11|-31.06;55.05|308.37|FR
2017-10-20T09:11|146.65;55.6|-11.14|AU
2017-10-20T09:11|-84.73;13.95|268|CA
2017-10-20T09:11|28.14;74.06|318.04|BE
2017-10-20T09:11|-89.66;76.34|252.16|NZ
2017-10-20T09:11|-46.29;62.95|282.14|CA
2017-10-20T09:11|121.56;7|255.21|BE
2017-10-20T09:11|-50.18;24.87|-4.71|AU
2017-10-20T09:11|22.04;18.01|317.87|NZ
2017-10-20T09:11|-143.2;27.26|57.42|US
2017-10-20T09:11|152.25;5.5|270|FR
2017-10-20T09:11|-148.35;17.52|321.08|NZ
2017-10-20T09:11|94.61;24.84|83.3|US
2017-10-20T09:11|51.71;17.1|285.36|NZ
2017-10-20T09:11|147.81;10.21|21.21|AU
2017-10-20T09:11|-111.15;9.1|271.31|NZ
2017-10-20T09:11|-178.35;66.47|17.79|AU
2017-10-20T09:11|-104.32;21.12|258.06|NZ
2017-10-20T09:11|144.93;73.03|313.21|FR
2017-10-20T09:11|-138.97;45.95|119.37|US
2017-10-20T09:11|-155.86;7.9|262.95|BE
2017-10-20T09:11|-83.73;8.58|315.26|FR
2017-10-20T09:11|69.59;53.49|87.8|US
2017-10-20T09:11|22.44;31.24|316.27|CA
2017-10-20T09:11|126.96;51.27|34.68|AU
2017-10-20T09:11|-162.76;39.83|292.62|FR
2017-10-20T09:11|27.32;40.05|41.41|AU
2017-10-20T09:11|158.31;19.68|297.66|BE
2017-10-20T09:11|-139.48;29.86|29.83|AU
2017-10-20T09:11|-76.86;53.76|116.44|US
2017-10-20T09:11|-101.25;55.5|288.35|BE
2017-10-20T09:11|-7.06;23.78|321.21|CA
2017-10-20T09:11|-28.75;50.4|16.3|AU
2017-10-20T09:11|-8.31;76.89|320.4|NZ
2017-10-20T09:11|-15.41;78.71|290.37|CA
2017-10-20T09:11|-93.49;84.92|258.19|CA
2017-10-20T09:11|26.05;41.04|292.61|NZ
2017-10-20T09:11|-50.61;60.54|272.78|NZ
2017-10-20T09:11|4.17;77.66|315.41|FR
2017-10-20T09:11|60.46;27.93|308.96|BE
2017-10-20T09:11|129.52;89.77|266.22|CA
2017-10-20T09:11|-7.73;46.02|262.74|CA
2017-10-20T09:11|-49.12;82.72|269.77|NZ
2017-10-20T09:11|-179.25;41.9|303.16|FR
2017-10-20T09:11|40.67;10.9|42.25|US
2017-10-20T09:11|-121;73.52|282.7|CA
2017-10-20T09:11|-32.48;45.74|251.4|NZ
2017-10-20T09:11|-152.23;72.51|312.93|BE
2017-10-20T09:11|32.73;53.51|12.16|AU
2017-10-20T09:11|-78.06;43.69|-1.9|US
2017-10-20T09:11|-53.08;6.85|314.93|NZ
2017-10-20T09:11|-128.5;53.41|283.11|NZ
2017-10-20T09:11|63.85;68.6|6.23|AU
2017-10-20T09:11|-93.01;20.47|53.12|US
2017-10-20T09:11|-141.26;35.52|299.07|CA
2017-10-20T09:11|43.9;60.93|269.15|CA
2017-10-20T09:11|-47.82;24.7|298.55|FR
2017-10-20T09:11|-145.84;35.08|-2.95|AU
2017-10-20T09:11|-112.78;7.6|298.3|CA
2017-10-20T09:11|89.33;38.24|-10.21|AU
2017-10-20T09:11|75.3;3.29|280.25|NZ
2017-10-20T09:11|-129.97;88.96|267.81|FR
2017-10-20T09:11|-143.02;11.49|275.69|CA
2017-10-20T09:11|51.22;57.99|3.45|US
2017-10-20T09:11|-132.91;55.81|116.37|US
2017-10-20T09:11|-102.43;62.82|96.47|US
2017-10-20T09:11|-44.98;54.98|283.98|FR
2017-10-20T09:11|83.11;87.37|296.57|CA
2017-10-20T09:11|-14.81;38.16|46.37|AU
2017-10-20T09:11|-167.36;7.89|302.82|BE
2017-10-20T09:11|-29.85;85.95|313.43|BE
2017-10-20T09:11|173.97;3.23|29.73|AU
2017-10-20T09:11|-89.62;18.33|-6.54|AU
2017-10-20T09:11|73.49;20.74|286.88|BE
2017-10-20T09:11|175.62;5.02|259.37|FR
2017-10-20T09:11|-63.75;34.23|288.88|FR
2017-10-20T09:11|-123.63;9.65|38.66|US
2017-10-20T09:11|-91.25;62.68|318.34|NZ
2017-10-20T09:11|-121.61;8.18|303.02|FR
2017-10-20T09:11|-160.77;67.7|321.2|NZ
2017-10-20T09:11|-178.96;67.95|266.99|CA
2017-10-20T09:11|5.95;15.65|269.59|NZ
2017-10-20T09:11|61.05;45.38|14.17|AU
2017-10-20T09:11|-7.79;29.72|45.46|US
2017-10-20T09:11|111.28;15.55|305.55|NZ
2017-10-20T09:11|-145.73;36.4|292.31|NZ
2017-10-20T09:11|105.09;84.72|48.93|AU
2017-10-20T09:11|151.87;18.91|304.11|CA
2017-10-20T09:11|-125.1;51.49|317.4|FR
2017-10-20T09:11|60.26;51.07|313.62|FR
2017-10-20T09:11|121.13;6.99|6.09|AU
2017-10-20T09:11|98.61;17.12|252.89|NZ
2017-10-20T09:11|148.96;72.23|272.36|BE
2017-10-20T09:11|-39.25;15.78|310.05|NZ
2017-10-20T09:11|-131.67;0.13|256.58|FR
2017-10-20T09:11|-81.44;29.32|68.06|US
2017-10-20T09:11|142.8;45.08|314.04|FR
2017-10-20T09:11|-143.29;26.74|286.85|BE
2017-10-20T09:11|-107.59;1.31|265.24|CA
2017-10-20T09:11|78.98;8.64|317.37|FR
2017-10-20T09:11|163.51;82.66|51.14|US
2017-10-20T09:11|133.55;65.27|252.71|BE
2017-10-20T09:11|63.42;72.83|36.69|AU
2017-10-20T09:11|-149.74;52.17|306.43|BE
2017-10-20T09:11|-36.71;83.23|317.93|NZ
2017-10-20T09:11|33.03;55.88|305.32|NZ
2017-10-20T09:11|5.69;6.88|8.39|AU
2017-10-20T09:11|-126.94;65.78|291.91|FR
2017-10-20T09:11|-29.93;34.8|259.56|FR
2017-10-20T09:11|2.83;36.02|254.58|CA
2017-10-20T09:11|24.63;52.36|30.28|AU
2017-10-20T09:11|37.42;40.41|49.33|AU
2017-10-20T09:11|-172.67;27.2|301.91|NZ
2017-10-20T09:11|171.22;29.66|-20.51|AU
2017-10-20T09:11|-88.87;31.5|89.5|US
2017-10-20T09:11|167.77;11.15|280.06|FR
2017-10-20T09:11|-168.7;70.89|256.68|FR
2017-10-20T09:11|85.72;57.06|58.11|US
2017-10-20T09:11|158.94;85.14|273.06|NZ
2017-10-20T09:11|60.62;54.58|258.67|FR
2017-10-20T09:11|-136.54;82.99|292.88|NZ
2017-10-20T09:11|69.79;35.01|-1.91|US
2017-10-20T09:11|-122.05;68.96|272.84|BE
2017-10-20T09:11|-57.14;81.5|78.35|US
2017-10-20T09:11|-27.23;59.93|-1.55|US
2017-10-20T09:11|74.84;53.93|260.72|FR
2017-10-20T09:11|-112.85;62.31|-4.65|AU
2017-10-20T09:11|-163.51;68.85|273.46|FR
2017-10-20T09:11|-170.38;1.76|43.13|US
2017-10-20T09:11|-79.56;68.4|298.13|FR
2017-10-20T09:11|-120.49;88.58|318.41|CA
2017-10-20T09:11|-149.13;41.4|317.53|FR
2017-10-20T09:11|119.2;65.63|256.92|FR
2017-10-20T09:11|-133.08;85.56|271|FR
2017-10-20T09:11|3.49;49.48|267.35|FR
2017-10-20T09:11|128.02;80.55|5.54|US
2017-10-20T09:11|-134.22;82.79|277.95|CA
2017-10-20T09:11|-16.68;6.45|314.51|BE
2017-10-20T09:11|-83.11;55.69|27.12|AU
2017-10-20T09:11|104.02;77.55|289.19|NZ
2017-10-20T09:11|26.97;66.33|12.83|AU
2017-10-20T09:11|-151.5;74.5|298.46|BE
2017-10-20T09:11|-86.71;13.09|25.11|US
2017-10-20T09:11|-9.23;56.93|283.16|BE
2017-10-20T09:11|-40.17;85.16|292.56|BE
2017-10-20T09:11|58.84;42.49|269.36|BE
2017-10-20T09:11|27.89;19.48|283.92|BE
2017-10-20T09:11|38;72.96|257.83|CA
2017-10-20T09:11|102.05;61.03|5.19|US
2017-10-20T09:11|49.49;2.12|276.57|CA
2017-10-20T09:11|-73.07;3.07|279.24|BE
2017-10-20T09:11|39.46;37.15|268.1|FR
2017-10-20T09:11|-31.82;22.58|88.27|US
2017-10-20T09:11|156.57;62.51|320.99|FR
2017-10-20T09:11|98.34;26.5|266.26|CA
2017-10-20T09:11|125.17;66.37|315.36|NZ
2017-10-20T09:11|13.93;85.13|301.36|BE
2017-10-20T09:11|64.34;34.59|251.35|NZ
2017-10-20T09:11|62.98;81.52|319.35|FR
2017-10-20T09:11|125.21;37.96|5.58|US
2017-10-20T09:11|-127.92;24|-7.62|AU
2017-10-20T09:11|53.27;28.68|276.74|BE
2017-10-20T09:11|144.94;48.08|278.33|CA
2017-10-20T09:11|86.09;89.2|277.14|FR
2017-10-20T09:11|77.15;84.41|262.95|CA
2017-10-20T09:11|154.65;82.92|310.72|BE
2017-10-20T09:11|-168.77;38.55|21.43|AU
2017-10-20T09:11|160.14;88.4|275.55|BE
2017-10-20T09:11|145.25;24.34|308.06|CA
2017-10-20T09:11|-22.91;28.98|309.65|CA
2017-10-20T09:11|-2.33;6.97|118.25|US
2017-10-20T09:11|-50.18;36.92|271.5|BE
2017-10-20T09:11|32.95;8.5|266.74|NZ
2017-10-20T09:11|-142.7;85.58|-12.73|AU
2017-10-20T09:11|-169.21;70.4|23.99|US
2017-10-20T09:11|122.73;85.65|2|AU
2017-10-20T09:11|-79.27;8.27|25.73|AU
2017-10-20T09:11|82.54;9.88|40.26|AU
2017-10-20T09:11|178.7;55.47|322.86|FR
2017-10-20T09:11|73.3;49.34|264.65|NZ
2017-10-20T09:11|-142;10.36|316.04|FR
2017-10-20T09:11|132.56;25.79|288.12|FR
2017-10-20T09:11|121.65;49.61|307.96|FR
2017-10-20T09:11|74.84;10.53|302.26|FR
2017-10-20T09:11|134.96;83.81|98.55|US
2017-10-20T09:11|115.91;68.38|305.79|CA
2017-10-20T09:11|-54.21;51.42|313.2|NZ
2017-10-20T09:11|37.67;35.77|292.89|CA
2017-10-20T09:11|154.68;45.06|322.32|CA
2017-10-20T09:11|24.77;47.84|71.06|US
2017-10-20T09:11|-137.06;20.53|311.74|BE
2017-10-20T09:11|-97.69;14.17|302.93|FR
2017-10-20T09:11|-5.18;87.85|266.92|BE
2017-10-20T09:11|-123.91;19.86|295.79|NZ
2017-10-20T09:11|68.82;48.98|317.59|FR
2017-10-20T09:11|7.01;0.4|-18.41|AU
2017-10-20T09:11|-58.69;16.51|-13.84|AU
2017-10-20T09:11|-41.38;13.68|280.3|CA
2017-10-20T09:11|35.25;87.2|-17.41|AU
2017-10-20T09:11|69.87;76.96|258.15|BE
2017-10-20T09:11|66.84;32.06|273.06|CA
2017-10-20T09:11|-63.91;84.52|13.66|US
2017-10-20T09:11|-30.02;16.31|299.72|FR
2017-10-20T09:11|142.55;10.66|109.48|US
2017-10-20T09:11|48.3;18.13|254.74|CA
2017-10-20T09:11|-4.92;34.41|293.91|NZ
2017-10-20T09:11|-172.62;37.91|268.75|FR
2017-10-20T09:11|178.47;51.43|283.45|NZ
2017-10-20T09:11|-66.58;44.09|266.26|CA
2017-10-20T09:11|37.18;54.7|255.51|FR
2017-10-20T09:11|-25.54;16.95|294.98|CA
2017-10-20T09:11|150.75;83.58|97.96|US
2017-10-20T09:11|67.01;10.13|17.86|AU
2017-10-20T09:11|138.16;25.2|-3.66|AU
2017-10-20T09:11|176.33;50.3|264.48|FR
2017-10-20T09:11|103.24;33.5|9.27|AU
2017-10-20T09:11|-126.61;89.67|290.1|FR
2017-10-20T09:11|47.73;36.26|284.83|BE
2017-10-20T09:11|103.12;42.84|49.96|AU
2017-10-20T09:11|-10.3;11.96|307.35|CA
2017-10-20T09:11|-137.74;36.92|289.47|NZ
2017-10-20T09:11|147.38;22.3|302.7|FR
2017-10-20T09:11|-71.76;41.07|7.18|AU
2017-10-20T09:11|-30.25;9.86|299.83|BE
2017-10-20T09:11|38.91;30.8|286.35|NZ
2017-10-20T09:11|67.66;47.92|259.92|FR
2017-10-20T09:11|-51.87;84.19|262.6|BE
2017-10-20T09:11|-15.64;4.87|82.59|US
2017-10-20T09:11|144.24;76.71|263.72|BE
2017-10-20T09:11|63.19;51.96|298.29|NZ
2017-10-20T09:11|57.54;28.3|305.79|BE
2017-10-20T09:11|-52.77;68.76|321.65|FR
2017-10-20T09:11|29.97;30.27|308.9|BE
2017-10-20T09:11|-31.07;55.5|256.91|CA
2017-10-20T09:11|-114.26;10.87|310.41|NZ
2017-10-20T09:11|-150.5;53.57|69.23|US
2017-10-20T09:11|70.4;82.96|264.5|FR
2017-10-20T09:11|-139.37;51.26|33.19|AU
2017-10-20T09:11|-167.48;81.33|295.39|NZ
2017-10-20T09:11|142.33;86.22|33.04|AU
2017-10-20T09:11|-58.18;71.54|309.69|FR
2017-10-20T09:11|43.15;22.28|263.98|CA
2017-10-20T09:11|82.21;52.43|255.3|BE
2017-10-20T09:11|-23.08;66.2|15.79|AU
2017-10-20T09:11|97.86;0.66|310.81|NZ
2017-10-20T09:11|-164.72;83.31|316.26|CA
2017-10-20T09:11|22.7;28.24|294.49|CA
2017-10-20T09:11|-140.03;85.31|289.05|BE
2017-10-20T09:11|-146.92;78.86|267.67|NZ
2017-10-20T09:11|-163.57;85.46|62.37|US
2017-10-20T09:11|-126.12;26.7|69.41|US
2017-10-20T09:11|-162.03;40.81|41.9|AU
2017-10-20T09:11|-161.33;66.11|278.37|FR
2017-10-20T09:11|99.45;3.96|279.61|CA
2017-10-20T09:11|-169.21;63.38|10.32|AU
2017-10-20T09:11|-41.83;39.32|280.16|BE
2017-10-20T09:11|74.24;6.36|290.25|BE
2017-10-20T09:11|74.25;41.84|318.27|NZ
2017-10-20T09:11|24.84;50.01|294.15|BE
2017-10-20T09:11|82.67;47.29|80.59|US
2017-10-20T09:11|106.57;59.11|22.99|AU
2017-10-20T09:11|-2.52;17.75|-8.4|AU
2017-10-20T09:11|-125.3;55.11|4.9|US
2017-10-20T09:11|88.11;86.69|315.53|CA
2017-10-20T09:11|29.12;59.03|104.19|US
2017-10-20T09:11|-149.06;2.65|285.63|FR
2017-10-20T09:11|-169.33;47.26|287.96|NZ
2017-10-20T09:11|-140.65;41.61|290.68|NZ
2017-10-20T09:11|-44.69;33.36|118.42|US
2017-10-20T09:11|-103.67;77.15|309.39|CA
2017-10-20T09:11|-55.52;37.92|259.02|CA
2017-10-20T09:11|-125.68;89.41|303.51|NZ
2017-10-20T09:11|-56.56;86.9|274.21|NZ
2017-10-20T09:11|33.25;87.98|-14.32|AU
2017-10-20T09:11|-80.86;43.64|283.54|NZ
2017-10-20T09:11|27.97;26|313.51|CA
2017-10-20T09:11|-76.55;85.45|8.48|US
2017-10-20T09:11|-32.22;7.87|281.77|FR
2017-10-20T09:11|-38.39;79.12|286.93|NZ
2017-10-20T09:11|92.53;19.37|319.73|NZ
2017-10-20T09:11|-75.82;10.68|28.99|US
2017-10-20T09:11|148.75;8.05|285.2|NZ
2017-10-20T09:11|69.45;36.97|260.67|NZ
2017-10-20T09:11|-6.34;80.64|24.47|AU
2017-10-20T09:11|93.13;35.69|0.96|AU
2017-10-20T09:11|45.28;18.19|74.17|US
2017-10-20T09:11|-113.98;51.38|25.19|US
2017-10-20T09:11|120.99;34.08|104.4|US
2017-10-20T09:11|114.18;19.17|293.77|BE
2017-10-20T09:11|-41.78;38.19|287.44|NZ
2017-10-20T09:11|111.07;28.75|15.35|AU
2017-10-20T09:11|143.28;72.21|273.81|NZ
2017-10-20T09:11|-2.31;3.98|321.36|CA
2017-10-20T09:11|179.46;8.77|282.83|NZ
2017-10-20T09:11|-101.04;1.37|-11.06|AU
2017-10-20T09:11|-126.11;83.22|298.89|BE
2017-10-20T09:11|-137.57;70.13|315.02|CA
2017-10-20T09:11|-7.3;51.85|114.64|US
2017-10-20T09:11|173.63;24.84|267.78|BE
2017-10-20T09:11|60.52;38.81|3|AU
2017-10-20T09:11|-133.8;24.69|100.36|US
2017-10-20T09:11|-135.24;25.78|257.5|CA
2017-10-20T09:11|-55.87;44.43|267.89|BE
2017-10-20T09:11|66.41;48.8|276.8|FR
2017-10-20T09:11|85.5;81.02|272.37|BE
2017-10-20T09:11|165.29;74.27|316.99|CA
2017-10-20T09:11|59.59;29.12|263.76|CA
2017-10-20T09:11|-10.56;41.17|302.8|FR
2017-10-20T09:11|-66.27;26.75|270.88|NZ
2017-10-20T09:11|115.01;10.63|309.59|BE
2017-10-20T09:11|90.29;75.88|270.75|FR
2017-10-20T09:11|-166.06;54.65|-13.31|AU
2017-10-20T09:11|76.42;67.4|4.75|AU
2017-10-20T09:11|-11.8;82.38|51.04|US
2017-10-20T09:11|-72.24;87.61|46.82|US
2017-10-20T09:11|102.53;18.14|317.2|NZ
2017-10-20T09:11|-79;35.13|46.3|US
2017-10-20T09:11|-165.99;10.98|300.79|CA
2017-10-20T09:11|106.14;64.25|119.51|US
2017-10-20T09:11|-121.18;83.55|304.45|NZ
2017-10-20T09:11|-133.12;4.6|45.13|US
2017-10-20T09:11|160.56;67.87|284.78|CA
2017-10-20T09:11|-119.37;81.65|255.83|BE
2017-10-20T09:11|-154.9;26.35|269|FR
2017-10-20T09:11|-164.01;37.21|264.36|FR
2017-10-20T09:11|152.64;12.27|252.3|FR
2017-10-20T09:11|-90.05;23.64|272.61|CA
2017-10-20T09:11|160.17;40.41|281.56|FR
2017-10-20T09:11|111.98;13.03|258.57|CA
2017-10-20T09:11|50.31;41.31|308.25|CA
2017-10-20T09:11|13.44;51.38|295.61|FR
2017-10-20T09:11|66.13;52.42|22.55|US
2017-10-20T09:11|12;30|35.19|AU
2017-10-20T09:11|-35.87;9.63|88.5|US
2017-10-20T09:11|144.74;40.23|45.19|AU
2017-10-20T09:11|90.4;3.02|305.93|NZ
2017-10-20T09:11|44.96;4.25|294.8|NZ
2017-10-20T09:11|142.35;78.85|321.53|CA
2017-10-20T09:11|-64.31;51.56|111.18|US
2017-10-20T09:11|160.44;19.63|271.5|CA
2017-10-20T09:11|-63.09;86.71|30.66|AU
2017-10-20T09:11|67.98;0.64|293.79|BE
2017-10-20T09:11|23.89;26.01|300.31|FR
2017-10-20T09:11|-95.45;7.97|302.09|NZ
2017-10-20T09:11|-37.74;41.77|280.19|NZ
2017-10-20T09:11|178.65;46.91|-16.36|AU
2017-10-20T09:11|-159.55;30.14|266.91|BE
2017-10-20T09:11|139.29;75.95|276.49|CA
2017-10-20T09:11|171.97;44|285.67|NZ
2017-10-20T09:11|44.89;27.79|306.87|NZ
2017-10-20T09:11|65.48;69.96|306.7|NZ
2017-10-20T09:11|138.67;89.54|284.64|CA
2017-10-20T09:11|81.95;89.83|17.14|US
2017-10-20T09:11|-102.76;70|275.34|BE
2017-10-20T09:11|149.25;2.26|39.76|AU
2017-10-20T09:11|39.7;7.98|286.08|BE
2017-10-20T09:11|74.37;20.2|312.88|BE
2017-10-20T09:11|74.11;64.46|32.07|AU
2017-10-20T09:11|-138.61;34.68|301.96|CA
2017-10-20T09:11|101.86;58.65|4.11|AU
2017-10-20T09:11|-177.47;15.35|279.66|BE
2017-10-20T09:11|103.09;89.48|42.28|AU
2017-10-20T09:11|-11.84;49.18|288.38|CA
2017-10-20T09:11|-69.13;78.2|322.3|BE
2017-10-20T09:11|176.35;24.38|30.86|AU
2017-10-20T09:11|135.1;84.12|275.5|CA
2017-10-20T09:11|-133.6;56.89|85.57|US
2017-10-20T09:11|46.37;34.53|301.48|CA
2017-10-20T09:11|-93.46;67.55|313.25|FR
2017-10-20T09:11|-104.45;2.41|298.77|CA
2017-10-20T09:11|167.72;35.1|273.48|BE
2017-10-20T09:11|-0.2;49.93|69.6|US
2017-10-20T09:11|-11.75;18.86|295.55|FR
2017-10-20T09:11|171.24;74.42|72.43|US
2017-10-20T09:11|6.72;28.44|281.36|FR
2017-10-20T09:11|-92.83;27.97|258.03|NZ
2017-10-20T09:11|-82.99;4.37|269.04|BE
2017-10-20T09:11|-25.82;5.61|311.93|NZ
2017-10-20T09:11|172.54;7.89|-4.12|US
2017-10-20T09:11|-135.29;32.91|311.25|BE
2017-10-20T09:11|-24.76;50.93|32.28|AU
2017-10-20T09:11|103.89;18.24|111.67|US
2017-10-20T09:11|134.55;66.72|252.64|BE
2017-10-20T09:11|-40.7;70.25|46.67|AU
2017-10-20T09:11|-69.39;58.76|265.34|FR
2017-10-20T09:11|-177.18;51.86|66.8|US
2017-10-20T09:11|-71.91;50.42|314.91|BE
2017-10-20T09:11|-58.48;4.61|297.75|CA
2017-10-20T09:11|-5.06;47.97|302.12|NZ
2017-10-20T09:11|-77.99;53.6|254.8|BE
2017-10-20T09:11|-130.12;70.89|15.43|AU
2017-10-20T09:11|19.49;45.38|305.93|FR
2017-10-20T09:11|-149.68;9.93|115.03|US
2017-10-20T09:11|72.28;5.93|284.88|BE
2017-10-20T09:11|-152.75;60.59|13.75|AU
2017-10-20T09:11|-17.32;3.05|251.85|CA
2017-10-20T09:11|117.48;7.68|305.07|BE
2017-10-20T09:11|9.89;9.06|-13.69|AU
2017-10-20T09:11|48.7;23.38|287.52|BE
2017-10-20T09:11|143.69;84.27|308.47|BE
2017-10-20T09:11|87.98;84.22|25.46|US
2017-10-20T09:11|62.82;16.87|292.54|BE
2017-10-20T09:11|9.89;86.11|320.33|BE
2017-10-20T09:11|-94.31;19.3|253.7|CA
2017-10-20T09:11|-157.18;79.82|278.17|CA
2017-10-20T09:11|-64.13;44.76|313.89|FR
2017-10-20T09:11|21.91;42.67|289.48|BE
2017-10-20T09:11|-150.65;51.55|28.11|AU
2017-10-20T09:11|41.78;2.14|290.77|NZ
2017-10-20T09:11|-135.2;31.98|319.27|CA
2017-10-20T09:11|98.19;24.96|254.02|CA
2017-10-20T09:11|75.39;42.66|4.18|US
2017-10-20T09:11|143.6;74.87|262.45|BE
2017-10-20T09:11|70.62;64.32|18.4|US
2017-10-20T09:11|100.66;22.7|321|NZ
2017-10-20T09:11|4.06;3.73|25.59|AU
2017-10-20T09:11|54.99;13.28|56.38|US
2017-10-20T09:11|67.89;40.93|88.02|US
2017-10-20T09:11|73.55;12.28|276.91|BE
2017-10-20T09:11|33.69;84.75|260.11|BE
2017-10-20T09:11|59.45;54.8|266.42|FR
2017-10-20T09:11|150.01;1.62|256.99|BE
2017-10-20T09:11|25.03;11|280.47|BE
2017-10-20T09:11|-156.17;42.6|321.91|BE
2017-10-20T09:11|-149.47;22.53|254.52|CA
2017-10-20T09:11|-76.26;27.79|316.5|CA
2017-10-20T09:11|-33.36;21.99|22.98|AU
2017-10-20T09:11|-128.56;57.92|255.65|NZ
2017-10-20T09:11|25.95;29.16|302.09|CA
2017-10-20T09:11|-39.45;5.13|253.31|CA
2017-10-20T09:11|78.68;38.36|94.57|US
2017-10-20T09:11|121.6;28.74|14.33|AU
2017-10-20T09:11|-130.2;68.15|267.6|FR
2017-10-20T09:11|-112.4;6.32|315.58|CA
2017-10-20T09:11|135.46;82.87|45.66|US
2017-10-20T09:11|32.48;79.16|254.81|CA
2017-10-20T09:11|25.39;73.78|319.37|CA
2017-10-20T09:11|-85.78;56.35|298.49|CA
2017-10-20T09:11|-63.92;63.55|253.17|FR
2017-10-20T09:11|54.34;44.47|25.38|AU
2017-10-20T09:11|-35.2;60.74|19.36|AU
2017-10-20T09:11|-154.14;56.66|274.05|BE
2017-10-20T09:11|-34.72;84.05|264.33|CA
2017-10-20T09:11|-87.95;31.93|299.82|FR
2017-10-20T09:11|-17.86;4.82|303.04|CA
